Traceback (most recent call last):
  File "/usr/local/lib/python3.7/dist-packages/jupyter_cache/executors/utils.py", line 56, in single_nb_execution
    record_timing=False,
  File "/usr/local/lib/python3.7/dist-packages/nbclient/client.py", line 1204, in execute
    return NotebookClient(nb=nb, resources=resources, km=km, **kwargs).execute()
  File "/usr/local/lib/python3.7/dist-packages/nbclient/util.py", line 84, in wrapped
    return just_run(coro(*args, **kwargs))
  File "/usr/local/lib/python3.7/dist-packages/nbclient/util.py", line 62, in just_run
    return loop.run_until_complete(coro)
  File "/usr/lib/python3.7/asyncio/base_events.py", line 587, in run_until_complete
    return future.result()
  File "/usr/local/lib/python3.7/dist-packages/nbclient/client.py", line 664, in async_execute
    cell, index, execution_count=self.code_cells_executed + 1
  File "/usr/local/lib/python3.7/dist-packages/nbclient/client.py", line 965, in async_execute_cell
    await self._check_raise_for_error(cell, cell_index, exec_reply)
  File "/usr/local/lib/python3.7/dist-packages/nbclient/client.py", line 862, in _check_raise_for_error
    raise CellExecutionError.from_cell_and_msg(cell, exec_reply_content)
nbclient.exceptions.CellExecutionError: An error occurred while executing the following cell:
------------------
from sklearn.decomposition import PCA
pca = PCA(n_components=2)
X_new = pca.fit_transform(x)
------------------

[0;31m[0m
[0;31mValueError[0mTraceback (most recent call last)
[0;32m<ipython-input-8-cee2f60d0793>[0m in [0;36m<module>[0;34m[0m
[1;32m      1[0m [0;32mfrom[0m [0msklearn[0m[0;34m.[0m[0mdecomposition[0m [0;32mimport[0m [0mPCA[0m[0;34m[0m[0;34m[0m[0m
[1;32m      2[0m [0mpca[0m [0;34m=[0m [0mPCA[0m[0;34m([0m[0mn_components[0m[0;34m=[0m[0;36m2[0m[0;34m)[0m[0;34m[0m[0;34m[0m[0m
[0;32m----> 3[0;31m [0mX_new[0m [0;34m=[0m [0mpca[0m[0;34m.[0m[0mfit_transform[0m[0;34m([0m[0mx[0m[0;34m)[0m[0;34m[0m[0;34m[0m[0m
[0m
[0;32m/usr/local/lib/python3.7/dist-packages/sklearn/decomposition/_pca.py[0m in [0;36mfit_transform[0;34m(self, X, y)[0m
[1;32m    405[0m         [0mC[0m[0;34m-[0m[0mordered[0m [0marray[0m[0;34m,[0m [0muse[0m [0;34m'np.ascontiguousarray'[0m[0;34m.[0m[0;34m[0m[0;34m[0m[0m
[1;32m    406[0m         """
[0;32m--> 407[0;31m         [0mU[0m[0;34m,[0m [0mS[0m[0;34m,[0m [0mVt[0m [0;34m=[0m [0mself[0m[0;34m.[0m[0m_fit[0m[0;34m([0m[0mX[0m[0;34m)[0m[0;34m[0m[0;34m[0m[0m
[0m[1;32m    408[0m         [0mU[0m [0;34m=[0m [0mU[0m[0;34m[[0m[0;34m:[0m[0;34m,[0m [0;34m:[0m [0mself[0m[0;34m.[0m[0mn_components_[0m[0;34m][0m[0;34m[0m[0;34m[0m[0m
[1;32m    409[0m [0;34m[0m[0m

[0;32m/usr/local/lib/python3.7/dist-packages/sklearn/decomposition/_pca.py[0m in [0;36m_fit[0;34m(self, X)[0m
[1;32m    429[0m [0;34m[0m[0m
[1;32m    430[0m         X = self._validate_data(
[0;32m--> 431[0;31m             [0mX[0m[0;34m,[0m [0mdtype[0m[0;34m=[0m[0;34m[[0m[0mnp[0m[0;34m.[0m[0mfloat64[0m[0;34m,[0m [0mnp[0m[0;34m.[0m[0mfloat32[0m[0;34m][0m[0;34m,[0m [0mensure_2d[0m[0;34m=[0m[0;32mTrue[0m[0;34m,[0m [0mcopy[0m[0;34m=[0m[0mself[0m[0;34m.[0m[0mcopy[0m[0;34m[0m[0;34m[0m[0m
[0m[1;32m    432[0m         )
[1;32m    433[0m [0;34m[0m[0m

[0;32m/usr/local/lib/python3.7/dist-packages/sklearn/base.py[0m in [0;36m_validate_data[0;34m(self, X, y, reset, validate_separately, **check_params)[0m
[1;32m    564[0m             [0;32mraise[0m [0mValueError[0m[0;34m([0m[0;34m"Validation should be done on X, y or both."[0m[0;34m)[0m[0;34m[0m[0;34m[0m[0m
[1;32m    565[0m         [0;32melif[0m [0;32mnot[0m [0mno_val_X[0m [0;32mand[0m [0mno_val_y[0m[0;34m:[0m[0;34m[0m[0;34m[0m[0m
[0;32m--> 566[0;31m             [0mX[0m [0;34m=[0m [0mcheck_array[0m[0;34m([0m[0mX[0m[0;34m,[0m [0;34m**[0m[0mcheck_params[0m[0;34m)[0m[0;34m[0m[0;34m[0m[0m
[0m[1;32m    567[0m             [0mout[0m [0;34m=[0m [0mX[0m[0;34m[0m[0;34m[0m[0m
[1;32m    568[0m         [0;32melif[0m [0mno_val_X[0m [0;32mand[0m [0;32mnot[0m [0mno_val_y[0m[0;34m:[0m[0;34m[0m[0;34m[0m[0m

[0;32m/usr/local/lib/python3.7/dist-packages/sklearn/utils/validation.py[0m in [0;36mcheck_array[0;34m(array, accept_sparse, accept_large_sparse, dtype, order, copy, force_all_finite, ensure_2d, allow_nd, ensure_min_samples, ensure_min_features, estimator)[0m
[1;32m    744[0m                     [0marray[0m [0;34m=[0m [0marray[0m[0;34m.[0m[0mastype[0m[0;34m([0m[0mdtype[0m[0;34m,[0m [0mcasting[0m[0;34m=[0m[0;34m"unsafe"[0m[0;34m,[0m [0mcopy[0m[0;34m=[0m[0;32mFalse[0m[0;34m)[0m[0;34m[0m[0;34m[0m[0m
[1;32m    745[0m                 [0;32melse[0m[0;34m:[0m[0;34m[0m[0;34m[0m[0m
[0;32m--> 746[0;31m                     [0marray[0m [0;34m=[0m [0mnp[0m[0;34m.[0m[0masarray[0m[0;34m([0m[0marray[0m[0;34m,[0m [0morder[0m[0;34m=[0m[0morder[0m[0;34m,[0m [0mdtype[0m[0;34m=[0m[0mdtype[0m[0;34m)[0m[0;34m[0m[0;34m[0m[0m
[0m[1;32m    747[0m             [0;32mexcept[0m [0mComplexWarning[0m [0;32mas[0m [0mcomplex_warning[0m[0;34m:[0m[0;34m[0m[0;34m[0m[0m
[1;32m    748[0m                 raise ValueError(

[0;31mValueError[0m: could not convert string to float: 'SepalLengthCm'
ValueError: could not convert string to float: 'SepalLengthCm'

